<?xml version="1.0" encoding="UTF-8"?>
<!-- Generated by org.testng.reporters.JUnitReportReporter -->
<testsuite hostname="Senthil-PC" name="org.test.Sample" tests="1" failures="0" timestamp="25 May 2019 10:38:39 GMT" time="4.780" errors="0">
  <testcase name="test" time="4.780" classname="org.test.Sample"/>
</testsuite> <!-- org.test.Sample -->
